<?xml version="1.0" encoding="UTF-8"?>
<robot generator="Robot 4.1.2 (Python 3.9.7 on win32)" generated="20211213 23:04:46.346" rpa="false" schemaversion="2">
<suite id="s1" name="Tests" source="C:\Users\JAMES ANDREW PEREZ\Desktop\Code\STSWENG\RobotFramework-Exercise\tests">
<suite id="s1-s1" name="Test Cases" source="C:\Users\JAMES ANDREW PEREZ\Desktop\Code\STSWENG\RobotFramework-Exercise\tests\test_cases.robot">
<test id="s1-s1-t1" name="1 Valid Login">
<kw name="Setup Browser" library="resource" type="SETUP">
<kw name="Open Browser" library="SeleniumLibrary">
<arg>${URL}</arg>
<arg>${BROWSER}</arg>
<doc>Opens a new browser instance to the optional ``url``.</doc>
<msg timestamp="20211213 23:04:46.502" level="INFO">Opening browser 'Chrome' to base url 'https://www.saucedemo.com/'.</msg>
<status status="PASS" starttime="20211213 23:04:46.501" endtime="20211213 23:04:48.180"/>
</kw>
<kw name="Maximize Browser Window" library="SeleniumLibrary">
<doc>Maximizes current browser window.</doc>
<status status="PASS" starttime="20211213 23:04:48.180" endtime="20211213 23:04:48.301"/>
</kw>
<kw name="Title Should Be" library="SeleniumLibrary">
<arg>Swag Labs</arg>
<doc>Verifies that the current page title equals ``title``.</doc>
<msg timestamp="20211213 23:04:48.307" level="INFO">Page title is 'Swag Labs'.</msg>
<status status="PASS" starttime="20211213 23:04:48.301" endtime="20211213 23:04:48.307"/>
</kw>
<kw name="Login Page Open" library="resource">
<kw name="Page Should Contain Button" library="SeleniumLibrary">
<arg>login-button</arg>
<doc>Verifies button ``locator`` is found from current page.</doc>
<msg timestamp="20211213 23:04:48.323" level="INFO">Current page contains input 'login-button'.</msg>
<status status="PASS" starttime="20211213 23:04:48.307" endtime="20211213 23:04:48.323"/>
</kw>
<status status="PASS" starttime="20211213 23:04:48.307" endtime="20211213 23:04:48.323"/>
</kw>
<status status="PASS" starttime="20211213 23:04:46.501" endtime="20211213 23:04:48.323"/>
</kw>
<kw name="Input User" library="resource">
<arg>${STANDARD}</arg>
<kw name="Input Text" library="SeleniumLibrary">
<arg>user-name</arg>
<arg>${username}</arg>
<doc>Types the given ``text`` into the text field identified by ``locator``.</doc>
<msg timestamp="20211213 23:04:48.325" level="INFO">Typing text 'standard_user' into text field 'user-name'.</msg>
<status status="PASS" starttime="20211213 23:04:48.324" endtime="20211213 23:04:48.405"/>
</kw>
<status status="PASS" starttime="20211213 23:04:48.324" endtime="20211213 23:04:48.405"/>
</kw>
<kw name="Input Pass" library="resource">
<arg>${VALID PASS}</arg>
<kw name="Input Password" library="SeleniumLibrary">
<arg>password</arg>
<arg>${password}</arg>
<doc>Types the given password into the text field identified by ``locator``.</doc>
<msg timestamp="20211213 23:04:48.406" level="INFO">Typing password into text field 'password'.</msg>
<msg timestamp="20211213 23:04:48.435" level="INFO">Temporally setting log level to: NONE</msg>
<msg timestamp="20211213 23:04:48.470" level="INFO">Log level changed from NONE to INFO.</msg>
<status status="PASS" starttime="20211213 23:04:48.405" endtime="20211213 23:04:48.470"/>
</kw>
<status status="PASS" starttime="20211213 23:04:48.405" endtime="20211213 23:04:48.470"/>
</kw>
<kw name="Click Button" library="SeleniumLibrary">
<arg>login-button</arg>
<doc>Clicks the button identified by ``locator``.</doc>
<msg timestamp="20211213 23:04:48.471" level="INFO">Clicking button 'login-button'.</msg>
<status status="PASS" starttime="20211213 23:04:48.471" endtime="20211213 23:04:48.535"/>
</kw>
<kw name="Product Page Open" library="resource">
<kw name="Page Should Contain" library="SeleniumLibrary">
<arg>Products</arg>
<doc>Verifies that current page contains ``text``.</doc>
<msg timestamp="20211213 23:04:48.549" level="INFO">Current page contains text 'Products'.</msg>
<status status="PASS" starttime="20211213 23:04:48.536" endtime="20211213 23:04:48.549"/>
</kw>
<status status="PASS" starttime="20211213 23:04:48.536" endtime="20211213 23:04:48.549"/>
</kw>
<kw name="Close Browser" library="SeleniumLibrary" type="TEARDOWN">
<doc>Closes the current browser.</doc>
<status status="PASS" starttime="20211213 23:04:48.550" endtime="20211213 23:04:50.704"/>
</kw>
<status status="PASS" starttime="20211213 23:04:46.501" endtime="20211213 23:04:50.705"/>
</test>
<test id="s1-s1-t2" name="2 Locked Out">
<kw name="Setup Browser" library="resource" type="SETUP">
<kw name="Open Browser" library="SeleniumLibrary">
<arg>${URL}</arg>
<arg>${BROWSER}</arg>
<doc>Opens a new browser instance to the optional ``url``.</doc>
<msg timestamp="20211213 23:04:50.706" level="INFO">Opening browser 'Chrome' to base url 'https://www.saucedemo.com/'.</msg>
<status status="PASS" starttime="20211213 23:04:50.706" endtime="20211213 23:04:52.984"/>
</kw>
<kw name="Maximize Browser Window" library="SeleniumLibrary">
<doc>Maximizes current browser window.</doc>
<status status="PASS" starttime="20211213 23:04:52.984" endtime="20211213 23:04:53.115"/>
</kw>
<kw name="Title Should Be" library="SeleniumLibrary">
<arg>Swag Labs</arg>
<doc>Verifies that the current page title equals ``title``.</doc>
<msg timestamp="20211213 23:04:53.119" level="INFO">Page title is 'Swag Labs'.</msg>
<status status="PASS" starttime="20211213 23:04:53.115" endtime="20211213 23:04:53.119"/>
</kw>
<kw name="Login Page Open" library="resource">
<kw name="Page Should Contain Button" library="SeleniumLibrary">
<arg>login-button</arg>
<doc>Verifies button ``locator`` is found from current page.</doc>
<msg timestamp="20211213 23:04:53.133" level="INFO">Current page contains input 'login-button'.</msg>
<status status="PASS" starttime="20211213 23:04:53.119" endtime="20211213 23:04:53.133"/>
</kw>
<status status="PASS" starttime="20211213 23:04:53.119" endtime="20211213 23:04:53.133"/>
</kw>
<status status="PASS" starttime="20211213 23:04:50.706" endtime="20211213 23:04:53.133"/>
</kw>
<kw name="Input User" library="resource">
<arg>${LOCKED}</arg>
<kw name="Input Text" library="SeleniumLibrary">
<arg>user-name</arg>
<arg>${username}</arg>
<doc>Types the given ``text`` into the text field identified by ``locator``.</doc>
<msg timestamp="20211213 23:04:53.134" level="INFO">Typing text 'locked_out_user' into text field 'user-name'.</msg>
<status status="PASS" starttime="20211213 23:04:53.134" endtime="20211213 23:04:53.215"/>
</kw>
<status status="PASS" starttime="20211213 23:04:53.134" endtime="20211213 23:04:53.216"/>
</kw>
<kw name="Input Pass" library="resource">
<arg>${VALID PASS}</arg>
<kw name="Input Password" library="SeleniumLibrary">
<arg>password</arg>
<arg>${password}</arg>
<doc>Types the given password into the text field identified by ``locator``.</doc>
<msg timestamp="20211213 23:04:53.217" level="INFO">Typing password into text field 'password'.</msg>
<msg timestamp="20211213 23:04:53.241" level="INFO">Temporally setting log level to: NONE</msg>
<msg timestamp="20211213 23:04:53.274" level="INFO">Log level changed from NONE to INFO.</msg>
<status status="PASS" starttime="20211213 23:04:53.216" endtime="20211213 23:04:53.274"/>
</kw>
<status status="PASS" starttime="20211213 23:04:53.216" endtime="20211213 23:04:53.274"/>
</kw>
<kw name="Click Button" library="SeleniumLibrary">
<arg>login-button</arg>
<doc>Clicks the button identified by ``locator``.</doc>
<msg timestamp="20211213 23:04:53.275" level="INFO">Clicking button 'login-button'.</msg>
<status status="PASS" starttime="20211213 23:04:53.275" endtime="20211213 23:04:53.312"/>
</kw>
<kw name="Login Page Open" library="resource">
<kw name="Page Should Contain Button" library="SeleniumLibrary">
<arg>login-button</arg>
<doc>Verifies button ``locator`` is found from current page.</doc>
<msg timestamp="20211213 23:04:53.320" level="INFO">Current page contains input 'login-button'.</msg>
<status status="PASS" starttime="20211213 23:04:53.313" endtime="20211213 23:04:53.320"/>
</kw>
<status status="PASS" starttime="20211213 23:04:53.313" endtime="20211213 23:04:53.320"/>
</kw>
<kw name="Error Locked" library="resource">
<kw name="Page Should Contain" library="SeleniumLibrary">
<arg>Epic sadface: Sorry, this user has been locked out.</arg>
<doc>Verifies that current page contains ``text``.</doc>
<msg timestamp="20211213 23:04:53.327" level="INFO">Current page contains text 'Epic sadface: Sorry, this user has been locked out.'.</msg>
<status status="PASS" starttime="20211213 23:04:53.320" endtime="20211213 23:04:53.327"/>
</kw>
<status status="PASS" starttime="20211213 23:04:53.320" endtime="20211213 23:04:53.327"/>
</kw>
<kw name="Close Browser" library="SeleniumLibrary" type="TEARDOWN">
<doc>Closes the current browser.</doc>
<status status="PASS" starttime="20211213 23:04:53.327" endtime="20211213 23:04:55.479"/>
</kw>
<status status="PASS" starttime="20211213 23:04:50.706" endtime="20211213 23:04:55.480"/>
</test>
<test id="s1-s1-t3" name="3 Wrong Password">
<kw name="Setup Browser" library="resource" type="SETUP">
<kw name="Open Browser" library="SeleniumLibrary">
<arg>${URL}</arg>
<arg>${BROWSER}</arg>
<doc>Opens a new browser instance to the optional ``url``.</doc>
<msg timestamp="20211213 23:04:55.482" level="INFO">Opening browser 'Chrome' to base url 'https://www.saucedemo.com/'.</msg>
<status status="PASS" starttime="20211213 23:04:55.482" endtime="20211213 23:04:57.507"/>
</kw>
<kw name="Maximize Browser Window" library="SeleniumLibrary">
<doc>Maximizes current browser window.</doc>
<status status="PASS" starttime="20211213 23:04:57.507" endtime="20211213 23:04:57.631"/>
</kw>
<kw name="Title Should Be" library="SeleniumLibrary">
<arg>Swag Labs</arg>
<doc>Verifies that the current page title equals ``title``.</doc>
<msg timestamp="20211213 23:04:57.636" level="INFO">Page title is 'Swag Labs'.</msg>
<status status="PASS" starttime="20211213 23:04:57.631" endtime="20211213 23:04:57.636"/>
</kw>
<kw name="Login Page Open" library="resource">
<kw name="Page Should Contain Button" library="SeleniumLibrary">
<arg>login-button</arg>
<doc>Verifies button ``locator`` is found from current page.</doc>
<msg timestamp="20211213 23:04:57.650" level="INFO">Current page contains input 'login-button'.</msg>
<status status="PASS" starttime="20211213 23:04:57.636" endtime="20211213 23:04:57.650"/>
</kw>
<status status="PASS" starttime="20211213 23:04:57.636" endtime="20211213 23:04:57.650"/>
</kw>
<status status="PASS" starttime="20211213 23:04:55.482" endtime="20211213 23:04:57.650"/>
</kw>
<kw name="Input User" library="resource">
<arg>${STANDARD}</arg>
<kw name="Input Text" library="SeleniumLibrary">
<arg>user-name</arg>
<arg>${username}</arg>
<doc>Types the given ``text`` into the text field identified by ``locator``.</doc>
<msg timestamp="20211213 23:04:57.650" level="INFO">Typing text 'standard_user' into text field 'user-name'.</msg>
<status status="PASS" starttime="20211213 23:04:57.650" endtime="20211213 23:04:57.735"/>
</kw>
<status status="PASS" starttime="20211213 23:04:57.650" endtime="20211213 23:04:57.735"/>
</kw>
<kw name="Input Pass" library="resource">
<arg>wrongpass</arg>
<kw name="Input Password" library="SeleniumLibrary">
<arg>password</arg>
<arg>${password}</arg>
<doc>Types the given password into the text field identified by ``locator``.</doc>
<msg timestamp="20211213 23:04:57.736" level="INFO">Typing password into text field 'password'.</msg>
<msg timestamp="20211213 23:04:57.761" level="INFO">Temporally setting log level to: NONE</msg>
<msg timestamp="20211213 23:04:57.791" level="INFO">Log level changed from NONE to INFO.</msg>
<status status="PASS" starttime="20211213 23:04:57.736" endtime="20211213 23:04:57.791"/>
</kw>
<status status="PASS" starttime="20211213 23:04:57.736" endtime="20211213 23:04:57.791"/>
</kw>
<kw name="Click Button" library="SeleniumLibrary">
<arg>login-button</arg>
<doc>Clicks the button identified by ``locator``.</doc>
<msg timestamp="20211213 23:04:57.791" level="INFO">Clicking button 'login-button'.</msg>
<status status="PASS" starttime="20211213 23:04:57.791" endtime="20211213 23:04:57.826"/>
</kw>
<kw name="Login Page Open" library="resource">
<kw name="Page Should Contain Button" library="SeleniumLibrary">
<arg>login-button</arg>
<doc>Verifies button ``locator`` is found from current page.</doc>
<msg timestamp="20211213 23:04:57.835" level="INFO">Current page contains input 'login-button'.</msg>
<status status="PASS" starttime="20211213 23:04:57.826" endtime="20211213 23:04:57.835"/>
</kw>
<status status="PASS" starttime="20211213 23:04:57.826" endtime="20211213 23:04:57.835"/>
</kw>
<kw name="Error Wrong" library="resource">
<kw name="Page Should Contain" library="SeleniumLibrary">
<arg>Epic sadface: Username and password do not match any user in this service</arg>
<doc>Verifies that current page contains ``text``.</doc>
<msg timestamp="20211213 23:04:57.845" level="INFO">Current page contains text 'Epic sadface: Username and password do not match any user in this service'.</msg>
<status status="PASS" starttime="20211213 23:04:57.836" endtime="20211213 23:04:57.845"/>
</kw>
<status status="PASS" starttime="20211213 23:04:57.836" endtime="20211213 23:04:57.845"/>
</kw>
<kw name="Close Browser" library="SeleniumLibrary" type="TEARDOWN">
<doc>Closes the current browser.</doc>
<status status="PASS" starttime="20211213 23:04:57.846" endtime="20211213 23:04:59.997"/>
</kw>
<status status="PASS" starttime="20211213 23:04:55.481" endtime="20211213 23:04:59.998"/>
</test>
<test id="s1-s1-t4" name="4 Problem User">
<kw name="Setup Browser" library="resource" type="SETUP">
<kw name="Open Browser" library="SeleniumLibrary">
<arg>${URL}</arg>
<arg>${BROWSER}</arg>
<doc>Opens a new browser instance to the optional ``url``.</doc>
<msg timestamp="20211213 23:05:00.000" level="INFO">Opening browser 'Chrome' to base url 'https://www.saucedemo.com/'.</msg>
<status status="PASS" starttime="20211213 23:05:00.000" endtime="20211213 23:05:02.448"/>
</kw>
<kw name="Maximize Browser Window" library="SeleniumLibrary">
<doc>Maximizes current browser window.</doc>
<status status="PASS" starttime="20211213 23:05:02.448" endtime="20211213 23:05:02.569"/>
</kw>
<kw name="Title Should Be" library="SeleniumLibrary">
<arg>Swag Labs</arg>
<doc>Verifies that the current page title equals ``title``.</doc>
<msg timestamp="20211213 23:05:02.572" level="INFO">Page title is 'Swag Labs'.</msg>
<status status="PASS" starttime="20211213 23:05:02.569" endtime="20211213 23:05:02.572"/>
</kw>
<kw name="Login Page Open" library="resource">
<kw name="Page Should Contain Button" library="SeleniumLibrary">
<arg>login-button</arg>
<doc>Verifies button ``locator`` is found from current page.</doc>
<msg timestamp="20211213 23:05:02.585" level="INFO">Current page contains input 'login-button'.</msg>
<status status="PASS" starttime="20211213 23:05:02.573" endtime="20211213 23:05:02.585"/>
</kw>
<status status="PASS" starttime="20211213 23:05:02.572" endtime="20211213 23:05:02.585"/>
</kw>
<status status="PASS" starttime="20211213 23:04:59.999" endtime="20211213 23:05:02.585"/>
</kw>
<kw name="Input User" library="resource">
<arg>${PROBLEM}</arg>
<kw name="Input Text" library="SeleniumLibrary">
<arg>user-name</arg>
<arg>${username}</arg>
<doc>Types the given ``text`` into the text field identified by ``locator``.</doc>
<msg timestamp="20211213 23:05:02.586" level="INFO">Typing text 'problem_user' into text field 'user-name'.</msg>
<status status="PASS" starttime="20211213 23:05:02.586" endtime="20211213 23:05:02.659"/>
</kw>
<status status="PASS" starttime="20211213 23:05:02.586" endtime="20211213 23:05:02.659"/>
</kw>
<kw name="Input Pass" library="resource">
<arg>${VALID PASS}</arg>
<kw name="Input Password" library="SeleniumLibrary">
<arg>password</arg>
<arg>${password}</arg>
<doc>Types the given password into the text field identified by ``locator``.</doc>
<msg timestamp="20211213 23:05:02.660" level="INFO">Typing password into text field 'password'.</msg>
<msg timestamp="20211213 23:05:02.692" level="INFO">Temporally setting log level to: NONE</msg>
<msg timestamp="20211213 23:05:02.731" level="INFO">Log level changed from NONE to INFO.</msg>
<status status="PASS" starttime="20211213 23:05:02.660" endtime="20211213 23:05:02.731"/>
</kw>
<status status="PASS" starttime="20211213 23:05:02.660" endtime="20211213 23:05:02.731"/>
</kw>
<kw name="Click Button" library="SeleniumLibrary">
<arg>login-button</arg>
<doc>Clicks the button identified by ``locator``.</doc>
<msg timestamp="20211213 23:05:02.732" level="INFO">Clicking button 'login-button'.</msg>
<status status="PASS" starttime="20211213 23:05:02.732" endtime="20211213 23:05:02.792"/>
</kw>
<kw name="Product Page Open" library="resource">
<kw name="Page Should Contain" library="SeleniumLibrary">
<arg>Products</arg>
<doc>Verifies that current page contains ``text``.</doc>
<msg timestamp="20211213 23:05:02.809" level="INFO">Current page contains text 'Products'.</msg>
<status status="PASS" starttime="20211213 23:05:02.792" endtime="20211213 23:05:02.809"/>
</kw>
<status status="PASS" starttime="20211213 23:05:02.792" endtime="20211213 23:05:02.809"/>
</kw>
<kw name="Click Element" library="SeleniumLibrary">
<arg>${ITEM4}</arg>
<doc>Click the element identified by ``locator``.</doc>
<msg timestamp="20211213 23:05:02.812" level="INFO">Clicking element 'item_4_title_link'.</msg>
<status status="PASS" starttime="20211213 23:05:02.811" endtime="20211213 23:05:02.857"/>
</kw>
<kw name="Page Should Not Contain" library="SeleniumLibrary">
<arg>${PROD4}</arg>
<doc>Verifies the current page does not contain ``text``.</doc>
<msg timestamp="20211213 23:05:02.881" level="INFO">Current page does not contain text 'Sauce Labs Backpack'.</msg>
<status status="PASS" starttime="20211213 23:05:02.858" endtime="20211213 23:05:02.881"/>
</kw>
<kw name="Click Button" library="SeleniumLibrary">
<arg>${BACK BTN}</arg>
<doc>Clicks the button identified by ``locator``.</doc>
<msg timestamp="20211213 23:05:02.882" level="INFO">Clicking button 'back-to-products'.</msg>
<status status="PASS" starttime="20211213 23:05:02.882" endtime="20211213 23:05:02.928"/>
</kw>
<kw name="Click Element" library="SeleniumLibrary">
<arg>${ITEM3}</arg>
<doc>Click the element identified by ``locator``.</doc>
<msg timestamp="20211213 23:05:02.928" level="INFO">Clicking element 'item_3_title_link'.</msg>
<status status="PASS" starttime="20211213 23:05:02.928" endtime="20211213 23:05:02.960"/>
</kw>
<kw name="Page Should Not Contain" library="SeleniumLibrary">
<arg>${PROD3}</arg>
<doc>Verifies the current page does not contain ``text``.</doc>
<msg timestamp="20211213 23:05:02.975" level="INFO">Current page does not contain text 'Test.allTheThings() T-Shirt (Red)'.</msg>
<status status="PASS" starttime="20211213 23:05:02.960" endtime="20211213 23:05:02.975"/>
</kw>
<kw name="Click Button" library="SeleniumLibrary">
<arg>${BACK BTN}</arg>
<doc>Clicks the button identified by ``locator``.</doc>
<msg timestamp="20211213 23:05:02.975" level="INFO">Clicking button 'back-to-products'.</msg>
<status status="PASS" starttime="20211213 23:05:02.975" endtime="20211213 23:05:03.015"/>
</kw>
<kw name="Close Browser" library="SeleniumLibrary" type="TEARDOWN">
<doc>Closes the current browser.</doc>
<status status="PASS" starttime="20211213 23:05:03.015" endtime="20211213 23:05:05.149"/>
</kw>
<status status="PASS" starttime="20211213 23:04:59.999" endtime="20211213 23:05:05.150"/>
</test>
<doc>A test suite for Exercise: SeleniumIDE &amp; RobotFramework Practice.

These are test cases listed in the instructions.</doc>
<status status="PASS" starttime="20211213 23:04:46.365" endtime="20211213 23:05:05.151"/>
</suite>
<status status="PASS" starttime="20211213 23:04:46.347" endtime="20211213 23:05:05.153"/>
</suite>
<statistics>
<total>
<stat pass="4" fail="0" skip="0">All Tests</stat>
</total>
<tag>
</tag>
<suite>
<stat pass="4" fail="0" skip="0" id="s1" name="Tests">Tests</stat>
<stat pass="4" fail="0" skip="0" id="s1-s1" name="Test Cases">Tests.Test Cases</stat>
</suite>
</statistics>
<errors>
</errors>
</robot>
